<?xml version="1.0" encoding="UTF-8"?>
<testsuite xmlns:xsi="http://www.w3.org/2001/XMLSchema-instance" xsi:noNamespaceSchemaLocation="https://maven.apache.org/surefire/maven-surefire-plugin/xsd/surefire-test-report-3.0.xsd" version="3.0" name="br.com.stockhub.stockhub.StockHubApplicationTests" time="2.948" tests="1" errors="0" skipped="0" failures="0">
  <properties>
[...]
</properties>
  <testcase name="contextLoads" classname="br.com.stockhub.stockhub.StockHubApplicationTests" time="0.761">
    <system-out><![CDATA[22:03:37.406 [main] INFO org.springframework.test.context.support.AnnotationConfigContextLoaderUtils -- Could not detect default configuration classes for test class [br.com.stockhub.stockhub.StockHubApplicationTests]: StockHubApplicationTests does not declare any static, non-private, non-final, nested classes annotated with @Configuration.
22:03:37.520 [main] INFO org.springframework.boot.test.context.SpringBootTestContextBootstrapper -- Found @SpringBootConfiguration br.com.stockhub.stockhub.StockHubApplication for test class br.com.stockhub.stockhub.StockHubApplicationTests
22:03:37.704 [main] INFO org.springframework.boot.devtools.restart.RestartApplicationListener -- Restart disabled due to context in which it is running

  .   ____          _            __ _ _
 /\\ / ___'_ __ _ _(_)_ __  __ _ \ \ \ \
( ( )\___ | '_ | '_| | '_ \/ _` | \ \ \ \
 \\/  ___)| |_)| | | | | || (_| |  ) ) ) )
  '  |____| .__|_| |_|_| |_\__, | / / / /
 =========|_|==============|___/=/_/_/_/

 :: Spring Boot ::                (v3.3.1)

2024-08-27T22:03:37.970-03:00  INFO 11588 --- [StockHub] [           main] b.c.s.stockhub.StockHubApplicationTests  : Starting StockHubApplicationTests using Java 21.0.2 with PID 11588 (started by Intel in D:\stock-hub-api\StockHub)
2024-08-27T22:03:37.971-03:00  INFO 11588 --- [StockHub] [           main] b.c.s.stockhub.StockHubApplicationTests  : No active profile set, falling back to 1 default profile: "default"
2024-08-27T22:03:39.352-03:00  INFO 11588 --- [StockHub] [           main] b.c.s.stockhub.StockHubApplicationTests  : Started StockHubApplicationTests in 1.663 seconds (process running for 2.962)
]]></system-out>
    <system-err><![CDATA[WARNING: A Java agent has been loaded dynamically (C:\Users\Intel\.m2\repository\net\bytebuddy\byte-buddy-agent\1.14.17\byte-buddy-agent-1.14.17.jar)
WARNING: If a serviceability tool is in use, please run with -XX:+EnableDynamicAgentLoading to hide this warning
WARNING: If a serviceability tool is not in use, please run with -Djdk.instrument.traceUsage for more information
WARNING: Dynamic loading of agents will be disallowed by default in a future release
]]></system-err>
  </testcase>
</testsuite>